<?xml version="1.0" encoding="UTF-8"?>
<!-- Generated by org.testng.reporters.JUnitReportReporter -->
<testsuite hostname="DESKTOP-6FO0OFL" failures="0" tests="4" name="testngNG3.day5" time="59.549" errors="0" timestamp="2023-10-10T21:59:06 IST" skipped="0">
  <testcase classname="testngNG3.day5" name="Login" time="16.308"/>
  <testcase classname="testngNG3.day5" name="Login" time="14.340"/>
  <testcase classname="testngNG3.day5" name="Login" time="16.427"/>
  <testcase classname="testngNG3.day5" name="Login" time="12.474"/>
</testsuite> <!-- testngNG3.day5 -->
