<?xml version="1.0" encoding="UTF-8"?>
<!-- Generated by org.testng.reporters.JUnitReportReporter -->
<testsuite hostname="DESKTOP-6FO0OFL" failures="0" tests="1" name="testNg2.testSuitFour" time="23.646" errors="0" timestamp="2023-10-14T07:35:09 IST" skipped="0">
  <testcase classname="testNg2.testSuitFour" name="iframeTestCaseThree" time="23.646"/>
</testsuite> <!-- testNg2.testSuitFour -->
