<?xml version="1.0" encoding="UTF-8"?>
<!-- Generated by org.testng.reporters.JUnitReportReporter -->
<testsuite hostname="DESKTOP-6FO0OFL" failures="0" tests="1" name="testngNG3.day2C" time="13.817" errors="0" timestamp="2023-10-09T19:20:49 IST" skipped="0">
  <testcase classname="testngNG3.day2C" name="ValidLoginFailuser" time="13.817"/>
</testsuite> <!-- testngNG3.day2C -->
