<?xml version="1.0" encoding="UTF-8"?>
<!-- Generated by org.testng.reporters.JUnitReportReporter -->
<testsuite hostname="DESKTOP-6FO0OFL" failures="0" tests="1" name="testngNG3.day1" time="7.108" errors="0" timestamp="2023-10-09T08:35:38 IST" skipped="0">
  <testcase classname="testngNG3.day1" name="validateCurrentUrl" time="7.108"/>
</testsuite> <!-- testngNG3.day1 -->
