<?xml version="1.0" encoding="UTF-8"?>
<!-- Generated by org.testng.reporters.JUnitReportReporter -->
<testsuite hostname="DESKTOP-6FO0OFL" failures="0" tests="5" name="testngNG3.day2" time="0.040" errors="0" timestamp="2023-10-09T08:40:56 IST" skipped="0">
  <testcase classname="testngNG3.day2" name="MinusTest" time="0.016"/>
  <testcase classname="testngNG3.day2" name="zeroTest" time="0.009"/>
  <testcase classname="testngNG3.day2" name="betaTest" time="0.006"/>
  <testcase classname="testngNG3.day2" name="alphaTest" time="0.004"/>
  <testcase classname="testngNG3.day2" name="gammaTest" time="0.005"/>
</testsuite> <!-- testngNG3.day2 -->
