<?xml version="1.0" encoding="UTF-8"?>
<!-- Generated by org.testng.reporters.JUnitReportReporter -->
<testsuite hostname="DESKTOP-6FO0OFL" failures="0" tests="1" name="testngToutorials.testone" time="8.452" errors="0" timestamp="2023-10-04T20:51:27 IST" skipped="0">
  <testcase classname="testngToutorials.testone" name="test" time="8.452"/>
</testsuite> <!-- testngToutorials.testone -->
