<?xml version="1.0" encoding="UTF-8"?>
<!-- Generated by org.testng.reporters.JUnitReportReporter -->
<testsuite hostname="DESKTOP-6FO0OFL" failures="0" tests="2" name="testngNG3.day4b" time="0.023" errors="0" timestamp="2023-10-10T22:37:54 IST" skipped="0">
  <testcase classname="testngNG3.day4b" name="TestcaseTwo" time="0.014"/>
  <testcase classname="testngNG3.day4b" name="TestCaseOne" time="0.009"/>
</testsuite> <!-- testngNG3.day4b -->
