<?xml version="1.0" encoding="UTF-8"?>
<!-- Generated by org.testng.reporters.JUnitReportReporter -->
<testsuite hostname="DESKTOP-6FO0OFL" failures="0" tests="3" name="testngNG3.day4a" time="0.040" errors="0" timestamp="2023-10-10T22:37:54 IST" skipped="0">
  <testcase classname="testngNG3.day4a" name="TestCaseFour" time="0.018"/>
  <testcase classname="testngNG3.day4a" name="TestCaseSix" time="0.005"/>
  <testcase classname="testngNG3.day4a" name="TestCaseFive" time="0.017"/>
</testsuite> <!-- testngNG3.day4a -->
