<?xml version="1.0" encoding="UTF-8"?>
<!-- Generated by org.testng.reporters.JUnitReportReporter -->
<testsuite hostname="DESKTOP-6FO0OFL" failures="0" tests="1" name="testNg2.testSuitThree" time="13.898" errors="0" timestamp="2023-10-09T08:20:56 IST" skipped="0">
  <testcase classname="testNg2.testSuitThree" name="TestcaseOne" time="13.898"/>
</testsuite> <!-- testNg2.testSuitThree -->
