<?xml version="1.0" encoding="UTF-8"?>
<!-- Generated by org.testng.reporters.JUnitReportReporter -->
<testsuite hostname="DESKTOP-6FO0OFL" failures="0" tests="1" name="testNg2.testSuite5" time="11.194" errors="0" timestamp="2023-10-16T19:44:39 IST" skipped="0">
  <testcase classname="testNg2.testSuite5" name="datePiker" time="11.194"/>
</testsuite> <!-- testNg2.testSuite5 -->
