<?xml version="1.0" encoding="UTF-8"?>
<!-- Generated by org.testng.reporters.JUnitReportReporter -->
<testsuite hostname="DESKTOP-6FO0OFL" failures="0" tests="1" name="testNg2.testSuitTwo" time="6.682" errors="0" timestamp="2023-10-08T23:22:09 IST" skipped="0">
  <testcase classname="testNg2.testSuitTwo" name="TestCaseFive" time="6.682"/>
</testsuite> <!-- testNg2.testSuitTwo -->
