<?xml version="1.0" encoding="UTF-8"?>
<!-- Generated by org.testng.reporters.JUnitReportReporter -->
<testsuite hostname="DESKTOP-6FO0OFL" failures="0" tests="3" name="testngNG3.day3a" time="0.027" errors="0" timestamp="2023-10-09T19:24:52 IST" skipped="0">
  <testcase classname="testngNG3.day3a" name="TestaCseTwo" time="0.005"/>
  <testcase classname="testngNG3.day3a" name="TestaCseThree" time="0.006"/>
  <testcase classname="testngNG3.day3a" name="TestOne" time="0.016"/>
</testsuite> <!-- testngNG3.day3a -->
