<?xml version="1.0" encoding="UTF-8"?>
<!-- Generated by org.testng.reporters.JUnitReportReporter -->
<testsuite hostname="DESKTOP-6FO0OFL" failures="0" tests="2" name="testngNG3.day4c" time="0.024" errors="0" timestamp="2023-10-10T22:53:16 IST" skipped="0">
  <testcase classname="testngNG3.day4c" name="TestCaseTwo" time="0.008"/>
  <testcase classname="testngNG3.day4c" name="TestCaseOne" time="0.016"/>
</testsuite> <!-- testngNG3.day4c -->
