<?xml version="1.0" encoding="UTF-8"?>
<!-- Generated by org.testng.reporters.JUnitReportReporter -->
<testsuite hostname="DESKTOP-6FO0OFL" failures="0" tests="1" name="testNg2.testSuitOne" time="6.469" errors="0" timestamp="2023-10-08T21:12:34 IST" skipped="0">
  <testcase classname="testNg2.testSuitOne" name="testCaseFive" time="6.469"/>
</testsuite> <!-- testNg2.testSuitOne -->
