<?xml version="1.0" encoding="UTF-8"?>
<!-- Generated by org.testng.reporters.JUnitReportReporter -->
<testsuite hostname="DESKTOP-6FO0OFL" failures="0" tests="2" name="testcases.LoginTest" time="25.687" errors="0" timestamp="2023-10-19T00:23:14 IST" skipped="0">
  <testcase classname="testcases.LoginTest" name="VerifyLoginWithInValidCredentials" time="18.953"/>
  <testcase classname="testcases.LoginTest" name="VerifyLoginWithValidCredentials" time="6.734"/>
</testsuite> <!-- testcases.LoginTest -->
